0 info it worked if it ends with ok
1 verbose cli [ '/usr/local/bin/node', '/usr/local/bin/npm', 'run', 'server' ]
2 info using npm@2.14.12
3 info using node@v4.2.6
4 verbose run-script [ 'preserver', 'server', 'postserver' ]
5 info preserver maybe_lazy_1@1.0.0
6 info server maybe_lazy_1@1.0.0
7 verbose unsafe-perm in lifecycle true
8 info maybe_lazy_1@1.0.0 Failed to exec server script
9 verbose stack Error: maybe_lazy_1@1.0.0 server: `gulp server`
9 verbose stack Exit status 1
9 verbose stack     at EventEmitter.<anonymous> (/usr/local/lib/node_modules/npm/lib/utils/lifecycle.js:214:16)
9 verbose stack     at emitTwo (events.js:87:13)
9 verbose stack     at EventEmitter.emit (events.js:172:7)
9 verbose stack     at ChildProcess.<anonymous> (/usr/local/lib/node_modules/npm/lib/utils/spawn.js:24:14)
9 verbose stack     at emitTwo (events.js:87:13)
9 verbose stack     at ChildProcess.emit (events.js:172:7)
9 verbose stack     at maybeClose (internal/child_process.js:821:16)
9 verbose stack     at Process.ChildProcess._handle.onexit (internal/child_process.js:211:5)
10 verbose pkgid maybe_lazy_1@1.0.0
11 verbose cwd /Users/ywbshiwo/Learn/maybe_lazy_1
12 error Darwin 14.5.0
13 error argv "/usr/local/bin/node" "/usr/local/bin/npm" "run" "server"
14 error node v4.2.6
15 error npm  v2.14.12
16 error code ELIFECYCLE
17 error maybe_lazy_1@1.0.0 server: `gulp server`
17 error Exit status 1
18 error Failed at the maybe_lazy_1@1.0.0 server script 'gulp server'.
18 error This is most likely a problem with the maybe_lazy_1 package,
18 error not with npm itself.
18 error Tell the author that this fails on your system:
18 error     gulp server
18 error You can get their info via:
18 error     npm owner ls maybe_lazy_1
18 error There is likely additional logging output above.
19 verbose exit [ 1, true ]
